<?xml version="1.0" encoding="UTF-8"?>
<!-- Generated by org.testng.reporters.JUnitXMLReporter -->
<testsuite ignored="13" hostname="LAPTOP-O7BRKD6N" failures="2" tests="4" name="Default test(failed)" time="65.843" errors="0" timestamp="2022-11-28T16:56:03 IST">
  <testcase classname="com.cw.TestCases.CareersTest" name="TC11_ClickOn1Year" time="56.872">
    <failure type="org.openqa.selenium.NoSuchElementException" message="no such element: Unable to locate element: {&amp;quot;method&amp;quot;:&amp;quot;xpath&amp;quot;,&amp;quot;selector&amp;quot;:&amp;quot;//li[text()=&amp;apos;1+ Years&amp;apos;]&amp;quot;}
  (Session info: chrome=107.0.5304.122)
For documentation on this error, please visit: https://www.seleniumhq.org/exceptions/no_such_element.html
Build info: version: &amp;apos;3.141.59&amp;apos;, revision: &amp;apos;e82be7d358&amp;apos;, time: &amp;apos;2018-11-14T08:17:03&amp;apos;
System info: host: &amp;apos;LAPTOP-O7BRKD6N&amp;apos;, ip: &amp;apos;192.168.31.246&amp;apos;, os.name: &amp;apos;Windows 10&amp;apos;, os.arch: &amp;apos;amd64&amp;apos;, os.version: &amp;apos;10.0&amp;apos;, java.version: &amp;apos;14&amp;apos;
Driver info: org.openqa.selenium.chrome.ChromeDriver
Capabilities {acceptInsecureCerts: false, browserName: chrome, browserVersion: 107.0.5304.122, chrome: {chromedriverVersion: 107.0.5304.62 (1eec40d3a576..., userDataDir: C:\Users\HP\AppData\Local\T...}, goog:chromeOptions: {debuggerAddress: localhost:54954}, javascriptEnabled: true, networkConnectionEnabled: false, pageLoadStrategy: normal, platform: WINDOWS, platformName: WINDOWS, proxy: Proxy(), setWindowRect: true, strictFileInteractability: false, timeouts: {implicit: 0, pageLoad: 300000, script: 30000}, unhandledPromptBehavior: dismiss and notify, webauthn:extension:credBlob: true, webauthn:extension:largeBlob: true, webauthn:virtualAuthenticators: true}
Session ID: 25fb8a090652a284b8152916443ad5fd
*** Element info: {Using=xpath, value=//li[text()=&amp;apos;1+ Years&amp;apos;]}">
      <![CDATA[org.openqa.selenium.NoSuchElementException: no such element: Unable to locate element: {"method":"xpath","selector":"//li[text()='1+ Years']"}
  (Session info: chrome=107.0.5304.122)
For documentation on this error, please visit: https://www.seleniumhq.org/exceptions/no_such_element.html
Build info: version: '3.141.59', revision: 'e82be7d358', time: '2018-11-14T08:17:03'
System info: host: 'LAPTOP-O7BRKD6N', ip: '192.168.31.246', os.name: 'Windows 10', os.arch: 'amd64', os.version: '10.0', java.version: '14'
Driver info: org.openqa.selenium.chrome.ChromeDriver
Capabilities {acceptInsecureCerts: false, browserName: chrome, browserVersion: 107.0.5304.122, chrome: {chromedriverVersion: 107.0.5304.62 (1eec40d3a576..., userDataDir: C:\Users\HP\AppData\Local\T...}, goog:chromeOptions: {debuggerAddress: localhost:54954}, javascriptEnabled: true, networkConnectionEnabled: false, pageLoadStrategy: normal, platform: WINDOWS, platformName: WINDOWS, proxy: Proxy(), setWindowRect: true, strictFileInteractability: false, timeouts: {implicit: 0, pageLoad: 300000, script: 30000}, unhandledPromptBehavior: dismiss and notify, webauthn:extension:credBlob: true, webauthn:extension:largeBlob: true, webauthn:virtualAuthenticators: true}
Session ID: 25fb8a090652a284b8152916443ad5fd
*** Element info: {Using=xpath, value=//li[text()='1+ Years']}
at org.openqa.selenium.remote.http.W3CHttpResponseCodec.createException(W3CHttpResponseCodec.java:187)
at org.openqa.selenium.remote.http.W3CHttpResponseCodec.decode(W3CHttpResponseCodec.java:122)
at org.openqa.selenium.remote.http.W3CHttpResponseCodec.decode(W3CHttpResponseCodec.java:49)
at org.openqa.selenium.remote.HttpCommandExecutor.execute(HttpCommandExecutor.java:158)
at org.openqa.selenium.remote.service.DriverCommandExecutor.execute(DriverCommandExecutor.java:83)
at org.openqa.selenium.remote.RemoteWebDriver.execute(RemoteWebDriver.java:552)
at org.openqa.selenium.remote.RemoteWebDriver.findElement(RemoteWebDriver.java:323)
at org.openqa.selenium.remote.RemoteWebDriver.findElementByXPath(RemoteWebDriver.java:428)
at org.openqa.selenium.By$ByXPath.findElement(By.java:353)
at org.openqa.selenium.remote.RemoteWebDriver.findElement(RemoteWebDriver.java:315)
at org.openqa.selenium.support.pagefactory.DefaultElementLocator.findElement(DefaultElementLocator.java:69)
at org.openqa.selenium.support.pagefactory.internal.LocatingElementHandler.invoke(LocatingElementHandler.java:38)
at com.sun.proxy.$Proxy10.click(Unknown Source)
at com.cw.TestCases.CareersTest.TC11_ClickOn1Year(CareersTest.java:103)
at java.base/java.util.ArrayList.forEach(ArrayList.java:1510)
... Removed 32 stack frames]]>
    </failure>
  </testcase> <!-- TC11_ClickOn1Year -->
  <testcase classname="com.cw.TestCases.CareersTest" name="TC15_PuneLocation" time="3.346"/>
  <testcase classname="com.cw.TestCases.CareersTest" name="TC09_AllJobLocationDropdown" time="2.86"/>
  <testcase classname="com.cw.TestCases.CareersTest" name="TC10_ClickOnFulltime" time="2.044">
    <failure type="java.lang.AssertionError" message="expected [https://cogniwize.com/careers/?job__type_spec=full-tim] but found [https://cogniwize.com/careers/?job__type_spec=full-time]">
      <![CDATA[java.lang.AssertionError: expected [https://cogniwize.com/careers/?job__type_spec=full-tim] but found [https://cogniwize.com/careers/?job__type_spec=full-time]
at com.cw.TestCases.CareersTest.TC10_ClickOnFulltime(CareersTest.java:94)
at java.base/java.util.ArrayList.forEach(ArrayList.java:1510)
... Removed 33 stack frames]]>
    </failure>
  </testcase> <!-- TC10_ClickOnFulltime -->
  <testcase classname="com.cw.TestCases.CareersTest" name="TC14_ClickOn5Year" time="0.0">
    <ignored/>
  </testcase> <!-- TC14_ClickOn5Year -->
  <testcase classname="com.cw.TestCases.CareersTest" name="TC20_ContactUsLinkHoverOn" time="0.0">
    <ignored/>
  </testcase> <!-- TC20_ContactUsLinkHoverOn -->
  <testcase classname="com.cw.TestCases.CareersTest" name="TC08_AllJobExperienceDropdown" time="0.0">
    <ignored/>
  </testcase> <!-- TC08_AllJobExperienceDropdown -->
  <testcase classname="com.cw.TestCases.CareersTest" name="TC06_KnowMoreNavigation" time="0.0">
    <ignored/>
  </testcase> <!-- TC06_KnowMoreNavigation -->
  <testcase classname="com.cw.TestCases.CareersTest" name="TC12_ClickOn2Year" time="0.0">
    <ignored/>
  </testcase> <!-- TC12_ClickOn2Year -->
  <testcase classname="com.cw.TestCases.CareersTest" name="TC22_NavigationOfContactUsLink" time="0.0">
    <ignored/>
  </testcase> <!-- TC22_NavigationOfContactUsLink -->
  <testcase classname="com.cw.TestCases.CareersTest" name="TC13_ClickOn3Year" time="0.0">
    <ignored/>
  </testcase> <!-- TC13_ClickOn3Year -->
  <testcase classname="com.cw.TestCases.CareersTest" name="TC05_ClickOnKnowMore" time="0.0">
    <ignored/>
  </testcase> <!-- TC05_ClickOnKnowMore -->
  <testcase classname="com.cw.TestCases.CareersTest" name="TC21_ContactUsLink" time="0.0">
    <ignored/>
  </testcase> <!-- TC21_ContactUsLink -->
  <testcase classname="com.cw.TestCases.CareersTest" name="TC18_InValidSearch" time="0.0">
    <ignored/>
  </testcase> <!-- TC18_InValidSearch -->
  <testcase classname="com.cw.TestCases.CareersTest" name="TC04_HoverOnKnowMore" time="0.0">
    <ignored/>
  </testcase> <!-- TC04_HoverOnKnowMore -->
  <testcase classname="com.cw.TestCases.CareersTest" name="TC17_ValidSearch" time="0.0">
    <ignored/>
  </testcase> <!-- TC17_ValidSearch -->
  <testcase classname="com.cw.TestCases.CareersTest" name="TC07_AllJobTypeDropdown" time="0.0">
    <ignored/>
  </testcase> <!-- TC07_AllJobTypeDropdown -->
</testsuite> <!-- Default test(failed) -->
