<?xml version="1.0" encoding="UTF-8"?>
<!-- Generated by org.testng.reporters.JUnitXMLReporter -->
<testsuite ignored="17" hostname="LAPTOP-O7BRKD6N" failures="1" tests="1" name="Default test" time="205.528" errors="0" timestamp="2022-12-20T14:13:04 IST">
  <testcase classname="com.cw.TestCases.CareersTest" name="broken" time="204.734">
    <failure type="java.lang.ClassCastException" message="class sun.net.www.protocol.mailto.MailToURLConnection cannot be cast to class java.net.HttpURLConnection (sun.net.www.protocol.mailto.MailToURLConnection and java.net.HttpURLConnection are in module java.base of loader &amp;apos;bootstrap&amp;apos;)">
      <![CDATA[java.lang.ClassCastException: class sun.net.www.protocol.mailto.MailToURLConnection cannot be cast to class java.net.HttpURLConnection (sun.net.www.protocol.mailto.MailToURLConnection and java.net.HttpURLConnection are in module java.base of loader 'bootstrap')
at com.cw.commosActions.BaseTest1.Brokenlinks(BaseTest1.java:112)
at com.cw.TestCases.CareersTest.broken(CareersTest.java:239)
at java.base/jdk.internal.reflect.NativeMethodAccessorImpl.invoke0(Native Method)
at java.base/jdk.internal.reflect.NativeMethodAccessorImpl.invoke(NativeMethodAccessorImpl.java:62)
at java.base/jdk.internal.reflect.DelegatingMethodAccessorImpl.invoke(DelegatingMethodAccessorImpl.java:43)
at java.base/java.lang.reflect.Method.invoke(Method.java:564)
at org.testng.internal.MethodInvocationHelper.invokeMethod(MethodInvocationHelper.java:133)
at org.testng.internal.TestInvoker.invokeMethod(TestInvoker.java:598)
at org.testng.internal.TestInvoker.invokeTestMethod(TestInvoker.java:173)
at org.testng.internal.MethodRunner.runInSequence(MethodRunner.java:46)
at org.testng.internal.TestInvoker$MethodInvocationAgent.invoke(TestInvoker.java:824)
at org.testng.internal.TestInvoker.invokeTestMethods(TestInvoker.java:146)
at org.testng.internal.TestMethodWorker.invokeTestMethods(TestMethodWorker.java:146)
at org.testng.internal.TestMethodWorker.run(TestMethodWorker.java:128)
at java.base/java.util.ArrayList.forEach(ArrayList.java:1510)
at org.testng.TestRunner.privateRun(TestRunner.java:794)
at org.testng.TestRunner.run(TestRunner.java:596)
at org.testng.SuiteRunner.runTest(SuiteRunner.java:377)
at org.testng.SuiteRunner.runSequentially(SuiteRunner.java:371)
at org.testng.SuiteRunner.privateRun(SuiteRunner.java:332)
at org.testng.SuiteRunner.run(SuiteRunner.java:276)
at org.testng.SuiteRunnerWorker.runSuite(SuiteRunnerWorker.java:53)
at org.testng.SuiteRunnerWorker.run(SuiteRunnerWorker.java:96)
at org.testng.TestNG.runSuitesSequentially(TestNG.java:1212)
at org.testng.TestNG.runSuitesLocally(TestNG.java:1134)
at org.testng.TestNG.runSuites(TestNG.java:1063)
at org.testng.TestNG.run(TestNG.java:1031)
at org.testng.remote.AbstractRemoteTestNG.run(AbstractRemoteTestNG.java:115)
at org.testng.remote.RemoteTestNG.initAndRun(RemoteTestNG.java:251)
at org.testng.remote.RemoteTestNG.main(RemoteTestNG.java:77)
]]>
    </failure>
  </testcase> <!-- broken -->
  <testcase classname="com.cw.TestCases.CareersTest" name="TC14_ClickOn5Year" time="0.0">
    <ignored/>
  </testcase> <!-- TC14_ClickOn5Year -->
  <testcase classname="com.cw.TestCases.CareersTest" name="TC20_ContactUsLinkHoverOn" time="0.0">
    <ignored/>
  </testcase> <!-- TC20_ContactUsLinkHoverOn -->
  <testcase classname="com.cw.TestCases.CareersTest" name="TC08_AllJobExperienceDropdown" time="0.0">
    <ignored/>
  </testcase> <!-- TC08_AllJobExperienceDropdown -->
  <testcase classname="com.cw.TestCases.CareersTest" name="TC06_KnowMoreNavigation" time="0.0">
    <ignored/>
  </testcase> <!-- TC06_KnowMoreNavigation -->
  <testcase classname="com.cw.TestCases.CareersTest" name="TC12_ClickOn2Year" time="0.0">
    <ignored/>
  </testcase> <!-- TC12_ClickOn2Year -->
  <testcase classname="com.cw.TestCases.CareersTest" name="TC22_NavigationOfContactUsLink" time="0.0">
    <ignored/>
  </testcase> <!-- TC22_NavigationOfContactUsLink -->
  <testcase classname="com.cw.TestCases.CareersTest" name="TC13_ClickOn3Year" time="0.0">
    <ignored/>
  </testcase> <!-- TC13_ClickOn3Year -->
  <testcase classname="com.cw.TestCases.CareersTest" name="TC05_ClickOnKnowMore" time="0.0">
    <ignored/>
  </testcase> <!-- TC05_ClickOnKnowMore -->
  <testcase classname="com.cw.TestCases.CareersTest" name="TC21_ContactUsLink" time="0.0">
    <ignored/>
  </testcase> <!-- TC21_ContactUsLink -->
  <testcase classname="com.cw.TestCases.CareersTest" name="TC11_ClickOn1Year" time="0.0">
    <ignored/>
  </testcase> <!-- TC11_ClickOn1Year -->
  <testcase classname="com.cw.TestCases.CareersTest" name="TC15_PuneLocation" time="0.0">
    <ignored/>
  </testcase> <!-- TC15_PuneLocation -->
  <testcase classname="com.cw.TestCases.CareersTest" name="TC18_InValidSearch" time="0.0">
    <ignored/>
  </testcase> <!-- TC18_InValidSearch -->
  <testcase classname="com.cw.TestCases.CareersTest" name="TC04_HoverOnKnowMore" time="0.0">
    <ignored/>
  </testcase> <!-- TC04_HoverOnKnowMore -->
  <testcase classname="com.cw.TestCases.CareersTest" name="TC17_ValidSearch" time="0.0">
    <ignored/>
  </testcase> <!-- TC17_ValidSearch -->
  <testcase classname="com.cw.TestCases.CareersTest" name="TC09_AllJobLocationDropdown" time="0.0">
    <ignored/>
  </testcase> <!-- TC09_AllJobLocationDropdown -->
  <testcase classname="com.cw.TestCases.CareersTest" name="TC10_ClickOnFulltime" time="0.0">
    <ignored/>
  </testcase> <!-- TC10_ClickOnFulltime -->
  <testcase classname="com.cw.TestCases.CareersTest" name="TC07_AllJobTypeDropdown" time="0.0">
    <ignored/>
  </testcase> <!-- TC07_AllJobTypeDropdown -->
</testsuite> <!-- Default test -->
