<?xml version="1.0" encoding="UTF-8"?>
<!-- Generated by org.testng.reporters.JUnitXMLReporter -->
<testsuite ignored="16" hostname="LAPTOP-O7BRKD6N" failures="1" tests="1" name="Test(failed)(failed)" time="7.164" errors="0" timestamp="2022-11-15T11:53:36 IST">
  <testcase classname="com.cw.TestCases.CareersTest" name="TC20_ContactUsLinkHoverOn" time="6.232">
    <failure type="java.lang.AssertionError" message="expected [#bd6efc] but found [#7e49a8]">
      <![CDATA[java.lang.AssertionError: expected [#bd6efc] but found [#7e49a8]
at com.cw.TestCases.CareersTest.TC20_ContactUsLinkHoverOn(CareersTest.java:189)
at java.base/java.util.ArrayList.forEach(ArrayList.java:1510)
... Removed 33 stack frames]]>
    </failure>
  </testcase> <!-- TC20_ContactUsLinkHoverOn -->
  <testcase classname="com.cw.TestCases.CareersTest" name="TC14_ClickOn5Year" time="0.0">
    <ignored/>
  </testcase> <!-- TC14_ClickOn5Year -->
  <testcase classname="com.cw.TestCases.CareersTest" name="TC08_AllJobExperienceDropdown" time="0.0">
    <ignored/>
  </testcase> <!-- TC08_AllJobExperienceDropdown -->
  <testcase classname="com.cw.TestCases.CareersTest" name="TC06_KnowMoreNavigation" time="0.0">
    <ignored/>
  </testcase> <!-- TC06_KnowMoreNavigation -->
  <testcase classname="com.cw.TestCases.CareersTest" name="TC12_ClickOn2Year" time="0.0">
    <ignored/>
  </testcase> <!-- TC12_ClickOn2Year -->
  <testcase classname="com.cw.TestCases.CareersTest" name="TC22_NavigationOfContactUsLink" time="0.0">
    <ignored/>
  </testcase> <!-- TC22_NavigationOfContactUsLink -->
  <testcase classname="com.cw.TestCases.CareersTest" name="TC13_ClickOn3Year" time="0.0">
    <ignored/>
  </testcase> <!-- TC13_ClickOn3Year -->
  <testcase classname="com.cw.TestCases.CareersTest" name="TC05_ClickOnKnowMore" time="0.0">
    <ignored/>
  </testcase> <!-- TC05_ClickOnKnowMore -->
  <testcase classname="com.cw.TestCases.CareersTest" name="TC21_ContactUsLink" time="0.0">
    <ignored/>
  </testcase> <!-- TC21_ContactUsLink -->
  <testcase classname="com.cw.TestCases.CareersTest" name="TC11_ClickOn1Year" time="0.0">
    <ignored/>
  </testcase> <!-- TC11_ClickOn1Year -->
  <testcase classname="com.cw.TestCases.CareersTest" name="TC15_PuneLocation" time="0.0">
    <ignored/>
  </testcase> <!-- TC15_PuneLocation -->
  <testcase classname="com.cw.TestCases.CareersTest" name="TC18_InValidSearch" time="0.0">
    <ignored/>
  </testcase> <!-- TC18_InValidSearch -->
  <testcase classname="com.cw.TestCases.CareersTest" name="TC04_HoverOnKnowMore" time="0.0">
    <ignored/>
  </testcase> <!-- TC04_HoverOnKnowMore -->
  <testcase classname="com.cw.TestCases.CareersTest" name="TC17_ValidSearch" time="0.0">
    <ignored/>
  </testcase> <!-- TC17_ValidSearch -->
  <testcase classname="com.cw.TestCases.CareersTest" name="TC09_AllJobLocationDropdown" time="0.0">
    <ignored/>
  </testcase> <!-- TC09_AllJobLocationDropdown -->
  <testcase classname="com.cw.TestCases.CareersTest" name="TC10_ClickOnFulltime" time="0.0">
    <ignored/>
  </testcase> <!-- TC10_ClickOnFulltime -->
  <testcase classname="com.cw.TestCases.CareersTest" name="TC07_AllJobTypeDropdown" time="0.0">
    <ignored/>
  </testcase> <!-- TC07_AllJobTypeDropdown -->
</testsuite> <!-- Test(failed)(failed) -->
