<?xml version="1.0" encoding="UTF-8"?>
<!-- Generated by org.testng.reporters.JUnitXMLReporter -->
<testsuite ignored="15" hostname="LAPTOP-O7BRKD6N" failures="1" tests="2" name="Default test(failed)(failed)" time="64.488" errors="0" timestamp="2022-11-28T16:57:46 IST">
  <testcase classname="com.cw.TestCases.CareersTest" name="TC11_ClickOn1Year" time="4.833"/>
  <testcase classname="com.cw.TestCases.CareersTest" name="TC10_ClickOnFulltime" time="59.148">
    <failure type="org.openqa.selenium.ElementNotInteractableException" message="element not interactable
  (Session info: chrome=107.0.5304.122)
Build info: version: &amp;apos;3.141.59&amp;apos;, revision: &amp;apos;e82be7d358&amp;apos;, time: &amp;apos;2018-11-14T08:17:03&amp;apos;
System info: host: &amp;apos;LAPTOP-O7BRKD6N&amp;apos;, ip: &amp;apos;192.168.31.246&amp;apos;, os.name: &amp;apos;Windows 10&amp;apos;, os.arch: &amp;apos;amd64&amp;apos;, os.version: &amp;apos;10.0&amp;apos;, java.version: &amp;apos;14&amp;apos;
Driver info: org.openqa.selenium.chrome.ChromeDriver
Capabilities {acceptInsecureCerts: false, browserName: chrome, browserVersion: 107.0.5304.122, chrome: {chromedriverVersion: 107.0.5304.62 (1eec40d3a576..., userDataDir: C:\Users\HP\AppData\Local\T...}, goog:chromeOptions: {debuggerAddress: localhost:55064}, javascriptEnabled: true, networkConnectionEnabled: false, pageLoadStrategy: normal, platform: WINDOWS, platformName: WINDOWS, proxy: Proxy(), setWindowRect: true, strictFileInteractability: false, timeouts: {implicit: 0, pageLoad: 300000, script: 30000}, unhandledPromptBehavior: dismiss and notify, webauthn:extension:credBlob: true, webauthn:extension:largeBlob: true, webauthn:virtualAuthenticators: true}
Session ID: c4fd9a6a5133707ecba96ceacb4a2b8a">
      <![CDATA[org.openqa.selenium.ElementNotInteractableException: element not interactable
  (Session info: chrome=107.0.5304.122)
Build info: version: '3.141.59', revision: 'e82be7d358', time: '2018-11-14T08:17:03'
System info: host: 'LAPTOP-O7BRKD6N', ip: '192.168.31.246', os.name: 'Windows 10', os.arch: 'amd64', os.version: '10.0', java.version: '14'
Driver info: org.openqa.selenium.chrome.ChromeDriver
Capabilities {acceptInsecureCerts: false, browserName: chrome, browserVersion: 107.0.5304.122, chrome: {chromedriverVersion: 107.0.5304.62 (1eec40d3a576..., userDataDir: C:\Users\HP\AppData\Local\T...}, goog:chromeOptions: {debuggerAddress: localhost:55064}, javascriptEnabled: true, networkConnectionEnabled: false, pageLoadStrategy: normal, platform: WINDOWS, platformName: WINDOWS, proxy: Proxy(), setWindowRect: true, strictFileInteractability: false, timeouts: {implicit: 0, pageLoad: 300000, script: 30000}, unhandledPromptBehavior: dismiss and notify, webauthn:extension:credBlob: true, webauthn:extension:largeBlob: true, webauthn:virtualAuthenticators: true}
Session ID: c4fd9a6a5133707ecba96ceacb4a2b8a
at org.openqa.selenium.remote.http.W3CHttpResponseCodec.createException(W3CHttpResponseCodec.java:187)
at org.openqa.selenium.remote.http.W3CHttpResponseCodec.decode(W3CHttpResponseCodec.java:122)
at org.openqa.selenium.remote.http.W3CHttpResponseCodec.decode(W3CHttpResponseCodec.java:49)
at org.openqa.selenium.remote.HttpCommandExecutor.execute(HttpCommandExecutor.java:158)
at org.openqa.selenium.remote.service.DriverCommandExecutor.execute(DriverCommandExecutor.java:83)
at org.openqa.selenium.remote.RemoteWebDriver.execute(RemoteWebDriver.java:552)
at org.openqa.selenium.remote.RemoteWebElement.execute(RemoteWebElement.java:285)
at org.openqa.selenium.remote.RemoteWebElement.click(RemoteWebElement.java:84)
at org.openqa.selenium.support.pagefactory.internal.LocatingElementHandler.invoke(LocatingElementHandler.java:51)
at com.sun.proxy.$Proxy10.click(Unknown Source)
at com.cw.TestCases.CareersTest.TC10_ClickOnFulltime(CareersTest.java:93)
at java.base/java.util.ArrayList.forEach(ArrayList.java:1510)
... Removed 36 stack frames]]>
    </failure>
  </testcase> <!-- TC10_ClickOnFulltime -->
  <testcase classname="com.cw.TestCases.CareersTest" name="TC14_ClickOn5Year" time="0.0">
    <ignored/>
  </testcase> <!-- TC14_ClickOn5Year -->
  <testcase classname="com.cw.TestCases.CareersTest" name="TC20_ContactUsLinkHoverOn" time="0.0">
    <ignored/>
  </testcase> <!-- TC20_ContactUsLinkHoverOn -->
  <testcase classname="com.cw.TestCases.CareersTest" name="TC08_AllJobExperienceDropdown" time="0.0">
    <ignored/>
  </testcase> <!-- TC08_AllJobExperienceDropdown -->
  <testcase classname="com.cw.TestCases.CareersTest" name="TC06_KnowMoreNavigation" time="0.0">
    <ignored/>
  </testcase> <!-- TC06_KnowMoreNavigation -->
  <testcase classname="com.cw.TestCases.CareersTest" name="TC12_ClickOn2Year" time="0.0">
    <ignored/>
  </testcase> <!-- TC12_ClickOn2Year -->
  <testcase classname="com.cw.TestCases.CareersTest" name="TC22_NavigationOfContactUsLink" time="0.0">
    <ignored/>
  </testcase> <!-- TC22_NavigationOfContactUsLink -->
  <testcase classname="com.cw.TestCases.CareersTest" name="TC13_ClickOn3Year" time="0.0">
    <ignored/>
  </testcase> <!-- TC13_ClickOn3Year -->
  <testcase classname="com.cw.TestCases.CareersTest" name="TC05_ClickOnKnowMore" time="0.0">
    <ignored/>
  </testcase> <!-- TC05_ClickOnKnowMore -->
  <testcase classname="com.cw.TestCases.CareersTest" name="TC21_ContactUsLink" time="0.0">
    <ignored/>
  </testcase> <!-- TC21_ContactUsLink -->
  <testcase classname="com.cw.TestCases.CareersTest" name="TC15_PuneLocation" time="0.0">
    <ignored/>
  </testcase> <!-- TC15_PuneLocation -->
  <testcase classname="com.cw.TestCases.CareersTest" name="TC18_InValidSearch" time="0.0">
    <ignored/>
  </testcase> <!-- TC18_InValidSearch -->
  <testcase classname="com.cw.TestCases.CareersTest" name="TC04_HoverOnKnowMore" time="0.0">
    <ignored/>
  </testcase> <!-- TC04_HoverOnKnowMore -->
  <testcase classname="com.cw.TestCases.CareersTest" name="TC17_ValidSearch" time="0.0">
    <ignored/>
  </testcase> <!-- TC17_ValidSearch -->
  <testcase classname="com.cw.TestCases.CareersTest" name="TC09_AllJobLocationDropdown" time="0.0">
    <ignored/>
  </testcase> <!-- TC09_AllJobLocationDropdown -->
  <testcase classname="com.cw.TestCases.CareersTest" name="TC07_AllJobTypeDropdown" time="0.0">
    <ignored/>
  </testcase> <!-- TC07_AllJobTypeDropdown -->
</testsuite> <!-- Default test(failed)(failed) -->
