<?xml version="1.0" encoding="UTF-8"?>
<!-- Generated by org.testng.reporters.JUnitReportReporter -->
<testsuite hostname="LAPTOP-O7BRKD6N" failures="0" tests="30" name="com.cw.TestCases.ResourceTest" time="155.442" errors="1" timestamp="2022-11-11T10:14:46 IST" skipped="0">
  <testcase classname="com.cw.TestCases.ResourceTest" name="TC_InValidLastNameWithSpecialCharacters" time="10.869"/>
  <system-out/>
  <testcase classname="com.cw.TestCases.ResourceTest" name="TC_ValidPhone" time="5.265"/>
  <system-out/>
  <testcase classname="com.cw.TestCases.ResourceTest" name="TC_SelectingCountryDropdown" time="7.595">
    <error message="element click intercepted: Element &lt;select name=&quot;menu-82&quot; class=&quot;wpcf7-form-control wpcf7-select wpcf7-validates-as-required required&quot; aria-required=&quot;true&quot; aria-invalid=&quot;false&quot;&gt;...&lt;/select&gt; is not clickable at point (1272, 688). Other element would receive the click: &lt;footer class=&quot;fusion-footer-widget-area fusion-widget-area&quot;&gt;...&lt;/footer&gt;
  (Session info: chrome=107.0.5304.89)
Build info: version: &#039;4.4.0&#039;, revision: &#039;e5c75ed026a&#039;
System info: host: &#039;LAPTOP-O7BRKD6N&#039;, ip: &#039;192.168.31.246&#039;, os.name: &#039;Windows 10&#039;, os.arch: &#039;amd64&#039;, os.version: &#039;10.0&#039;, java.version: &#039;14&#039;
Driver info: org.openqa.selenium.chrome.ChromeDriver
Command: [72cc39cafb2cd369dcb3f0016dd3ae66, clickElement {id=f38a990d-5b96-49cc-a55f-24637e2f30bd}]
Capabilities {acceptInsecureCerts: false, browserName: chrome, browserVersion: 107.0.5304.89, chrome: {chromedriverVersion: 107.0.5304.62 (1eec40d3a576..., userDataDir: C:\Users\HP\AppData\Local\T...}, goog:chromeOptions: {debuggerAddress: localhost:58935}, networkConnectionEnabled: false, pageLoadStrategy: normal, platformName: WINDOWS, proxy: Proxy(), se:cdp: ws://localhost:58935/devtoo..., se:cdpVersion: 107.0.5304.89, setWindowRect: true, strictFileInteractability: false, timeouts: {implicit: 0, pageLoad: 300000, script: 30000}, unhandledPromptBehavior: dismiss and notify, webauthn:extension:credBlob: true, webauthn:extension:largeBlob: true, webauthn:virtualAuthenticators: true}
Element: [[ChromeDriver: chrome on WINDOWS (72cc39cafb2cd369dcb3f0016dd3ae66)] -&gt; xpath: //select[@name=&#039;menu-82&#039;]]
Session ID: 72cc39cafb2cd369dcb3f0016dd3ae66" type="org.openqa.selenium.ElementClickInterceptedException">
      <![CDATA[org.openqa.selenium.ElementClickInterceptedException: element click intercepted: Element <select name="menu-82" class="wpcf7-form-control wpcf7-select wpcf7-validates-as-required required" aria-required="true" aria-invalid="false">...</select> is not clickable at point (1272, 688). Other element would receive the click: <footer class="fusion-footer-widget-area fusion-widget-area">...</footer>
  (Session info: chrome=107.0.5304.89)
Build info: version: '4.4.0', revision: 'e5c75ed026a'
System info: host: 'LAPTOP-O7BRKD6N', ip: '192.168.31.246', os.name: 'Windows 10', os.arch: 'amd64', os.version: '10.0', java.version: '14'
Driver info: org.openqa.selenium.chrome.ChromeDriver
Command: [72cc39cafb2cd369dcb3f0016dd3ae66, clickElement {id=f38a990d-5b96-49cc-a55f-24637e2f30bd}]
Capabilities {acceptInsecureCerts: false, browserName: chrome, browserVersion: 107.0.5304.89, chrome: {chromedriverVersion: 107.0.5304.62 (1eec40d3a576..., userDataDir: C:\Users\HP\AppData\Local\T...}, goog:chromeOptions: {debuggerAddress: localhost:58935}, networkConnectionEnabled: false, pageLoadStrategy: normal, platformName: WINDOWS, proxy: Proxy(), se:cdp: ws://localhost:58935/devtoo..., se:cdpVersion: 107.0.5304.89, setWindowRect: true, strictFileInteractability: false, timeouts: {implicit: 0, pageLoad: 300000, script: 30000}, unhandledPromptBehavior: dismiss and notify, webauthn:extension:credBlob: true, webauthn:extension:largeBlob: true, webauthn:virtualAuthenticators: true}
Element: [[ChromeDriver: chrome on WINDOWS (72cc39cafb2cd369dcb3f0016dd3ae66)] -> xpath: //select[@name='menu-82']]
Session ID: 72cc39cafb2cd369dcb3f0016dd3ae66
at java.base/jdk.internal.reflect.NativeConstructorAccessorImpl.newInstance0(Native Method)
at java.base/jdk.internal.reflect.NativeConstructorAccessorImpl.newInstance(NativeConstructorAccessorImpl.java:62)
at java.base/jdk.internal.reflect.DelegatingConstructorAccessorImpl.newInstance(DelegatingConstructorAccessorImpl.java:45)
at java.base/java.lang.reflect.Constructor.newInstanceWithCaller(Constructor.java:500)
at java.base/java.lang.reflect.Constructor.newInstance(Constructor.java:481)
at org.openqa.selenium.remote.codec.w3c.W3CHttpResponseCodec.createException(W3CHttpResponseCodec.java:200)
at org.openqa.selenium.remote.codec.w3c.W3CHttpResponseCodec.decode(W3CHttpResponseCodec.java:133)
at org.openqa.selenium.remote.codec.w3c.W3CHttpResponseCodec.decode(W3CHttpResponseCodec.java:53)
at org.openqa.selenium.remote.HttpCommandExecutor.execute(HttpCommandExecutor.java:184)
at org.openqa.selenium.remote.service.DriverCommandExecutor.invokeExecute(DriverCommandExecutor.java:167)
at org.openqa.selenium.remote.service.DriverCommandExecutor.execute(DriverCommandExecutor.java:142)
at org.openqa.selenium.remote.RemoteWebDriver.execute(RemoteWebDriver.java:547)
at org.openqa.selenium.remote.RemoteWebElement.execute(RemoteWebElement.java:257)
at org.openqa.selenium.remote.RemoteWebElement.click(RemoteWebElement.java:78)
at jdk.internal.reflect.GeneratedMethodAccessor1.invoke(Unknown Source)
at java.base/jdk.internal.reflect.DelegatingMethodAccessorImpl.invoke(DelegatingMethodAccessorImpl.java:43)
at java.base/java.lang.reflect.Method.invoke(Method.java:564)
at org.openqa.selenium.support.pagefactory.internal.LocatingElementHandler.invoke(LocatingElementHandler.java:52)
at com.sun.proxy.$Proxy16.click(Unknown Source)
at com.cw.TestCases.ResourceTest.TC_SelectingCountryDropdown(ResourceTest.java:443)
at java.base/jdk.internal.reflect.NativeMethodAccessorImpl.invoke0(Native Method)
at java.base/jdk.internal.reflect.NativeMethodAccessorImpl.invoke(NativeMethodAccessorImpl.java:62)
at java.base/jdk.internal.reflect.DelegatingMethodAccessorImpl.invoke(DelegatingMethodAccessorImpl.java:43)
at java.base/java.lang.reflect.Method.invoke(Method.java:564)
at org.testng.internal.MethodInvocationHelper.invokeMethod(MethodInvocationHelper.java:133)
at org.testng.internal.TestInvoker.invokeMethod(TestInvoker.java:598)
at org.testng.internal.TestInvoker.invokeTestMethod(TestInvoker.java:173)
at org.testng.internal.MethodRunner.runInSequence(MethodRunner.java:46)
at org.testng.internal.TestInvoker$MethodInvocationAgent.invoke(TestInvoker.java:824)
at org.testng.internal.TestInvoker.invokeTestMethods(TestInvoker.java:146)
at org.testng.internal.TestMethodWorker.invokeTestMethods(TestMethodWorker.java:146)
at org.testng.internal.TestMethodWorker.run(TestMethodWorker.java:128)
at java.base/java.util.ArrayList.forEach(ArrayList.java:1510)
at org.testng.TestRunner.privateRun(TestRunner.java:794)
at org.testng.TestRunner.run(TestRunner.java:596)
at org.testng.SuiteRunner.runTest(SuiteRunner.java:377)
at org.testng.SuiteRunner.runSequentially(SuiteRunner.java:371)
at org.testng.SuiteRunner.privateRun(SuiteRunner.java:332)
at org.testng.SuiteRunner.run(SuiteRunner.java:276)
at org.testng.SuiteRunnerWorker.runSuite(SuiteRunnerWorker.java:53)
at org.testng.SuiteRunnerWorker.run(SuiteRunnerWorker.java:96)
at org.testng.TestNG.runSuitesSequentially(TestNG.java:1212)
at org.testng.TestNG.runSuitesLocally(TestNG.java:1134)
at org.testng.TestNG.runSuites(TestNG.java:1063)
at org.testng.TestNG.run(TestNG.java:1031)
at org.testng.remote.AbstractRemoteTestNG.run(AbstractRemoteTestNG.java:115)
at org.testng.remote.RemoteTestNG.initAndRun(RemoteTestNG.java:251)
at org.testng.remote.RemoteTestNG.main(RemoteTestNG.java:77)
]]>
    </error>
  </testcase> <!-- TC_SelectingCountryDropdown -->
  <system-out/>
  <testcase classname="com.cw.TestCases.ResourceTest" name="TC_ValidFirstName" time="6.758"/>
  <system-out/>
  <testcase classname="com.cw.TestCases.ResourceTest" name="ClickOnFirstCaseStudies" time="4.591"/>
  <system-out/>
  <testcase classname="com.cw.TestCases.ResourceTest" name="TC_InValidFirstNameWithNumbers" time="5.142"/>
  <system-out/>
  <testcase classname="com.cw.TestCases.ResourceTest" name="ClickOnSecondCaseStudies" time="6.080"/>
  <system-out/>
  <testcase classname="com.cw.TestCases.ResourceTest" name="TC_MessageBox" time="4.816"/>
  <system-out/>
  <testcase classname="com.cw.TestCases.ResourceTest" name="ClickOnCaseStudies" time="4.308"/>
  <system-out/>
  <testcase classname="com.cw.TestCases.ResourceTest" name="TC_MouseHoverOnDownloadCaseStudy" time="5.555"/>
  <system-out/>
  <testcase classname="com.cw.TestCases.ResourceTest" name="TC_ValiCompanyName" time="6.444"/>
  <system-out/>
  <testcase classname="com.cw.TestCases.ResourceTest" name="TC_InValidEmail" time="4.132"/>
  <system-out/>
  <testcase classname="com.cw.TestCases.ResourceTest" name="TC_InValidFirstNameWithSpecialCharacters" time="5.933"/>
  <system-out/>
  <testcase classname="com.cw.TestCases.ResourceTest" name="TC_InValidEmail_2" time="7.354"/>
  <system-out/>
  <testcase classname="com.cw.TestCases.ResourceTest" name="TC_InValidLastNameWithNumbers" time="6.158"/>
  <system-out/>
  <testcase classname="com.cw.TestCases.ResourceTest" name="TC_InValidPhone_02" time="4.312"/>
  <system-out/>
  <testcase classname="com.cw.TestCases.ResourceTest" name="TC_InValidPhone_03" time="5.563"/>
  <system-out/>
  <testcase classname="com.cw.TestCases.ResourceTest" name="TC_ValidEmail" time="5.414"/>
  <system-out/>
  <testcase classname="com.cw.TestCases.ResourceTest" name="ClickOnBlogs" time="2.783"/>
  <system-out/>
  <testcase classname="com.cw.TestCases.ResourceTest" name="ClickOnFourthCaseStudies" time="3.571"/>
  <system-out/>
  <testcase classname="com.cw.TestCases.ResourceTest" name="ClickOnFifthCaseStudies" time="3.932"/>
  <system-out/>
  <testcase classname="com.cw.TestCases.ResourceTest" name="TC_DownloadCaseStudy" time="4.407"/>
  <system-out/>
  <testcase classname="com.cw.TestCases.ResourceTest" name="TC_InValiCompanyName_01" time="3.967"/>
  <system-out/>
  <testcase classname="com.cw.TestCases.ResourceTest" name="TC_InValiCompanyName_03" time="4.524"/>
  <system-out/>
  <testcase classname="com.cw.TestCases.ResourceTest" name="HoverOnResourceTab" time="0.190"/>
  <system-out/>
  <testcase classname="com.cw.TestCases.ResourceTest" name="ClickOnThirdCaseStudies" time="2.952"/>
  <system-out/>
  <testcase classname="com.cw.TestCases.ResourceTest" name="TC_InValiCompanyName_02" time="5.612"/>
  <system-out/>
  <testcase classname="com.cw.TestCases.ResourceTest" name="TC_InValidPhone_01" time="6.464"/>
  <system-out/>
  <testcase classname="com.cw.TestCases.ResourceTest" name="TC_InValidEmail_1" time="4.811"/>
  <system-out/>
  <testcase classname="com.cw.TestCases.ResourceTest" name="TC_ValidLastName" time="5.940"/>
  <system-out/>
</testsuite> <!-- com.cw.TestCases.ResourceTest -->
